<?xml version="1.0" encoding="UTF-8"?>
<testsuite name="Bank Test"
           tests="5"
           failures="0"
           errors="0"
           skipped="0"
           time="5.499">
  <properties />
  
  
            <testcase name="customerShouldLoginAndLogoutSuccessfully" time="0.899" classname="com.bank.testsuite.BankTest" />
                <testcase name="bankManagerShouldAddCustomerSuccessfully" time="1.812" classname="com.bank.testsuite.BankTest" />
                <testcase name="customerShouldDepositMoneySuccessfully" time="0.995" classname="com.bank.testsuite.BankTest" />
                <testcase name="customerShouldWithdrawMoneySuccessfully" time="0.988" classname="com.bank.testsuite.BankTest" />
                <testcase name="bankManagerShouldOpenAccountSuccessfully" time="0.805" classname="com.bank.testsuite.BankTest" />
      
</testsuite>
